<?xml version="1.0" encoding="UTF-8"?>
<!-- Generated by org.testng.reporters.JUnitXMLReporter -->
<testsuite ignored="0" hostname="DESKTOP-92L7CGC" failures="0" tests="3" name="Default test" time="0.097" errors="0" timestamp="2023-12-18T00:08:24 MST">
  <testcase classname="TestNgStudy.DependencyManagement" name="Secondary" time="0.027"/>
  <testcase classname="TestNgStudy.DependencyManagement" name="PG" time="0.002"/>
  <testcase classname="TestNgStudy.DependencyManagement" name="Engineering" time="0.007"/>
</testsuite> <!-- Default test -->
