<?xml version="1.0" encoding="UTF-8"?>
<testng-results ignored="0" total="1" passed="1" failed="0" skipped="0">
  <reporter-output>
  </reporter-output>
  <suite started-at="2023-12-18T04:57:54 MST" name="Suite" finished-at="2023-12-18T04:57:54 MST" duration-ms="69">
    <groups>
    </groups>
    <test started-at="2023-12-18T04:57:54 MST" name="Test" finished-at="2023-12-18T04:57:54 MST" duration-ms="69">
      <class name="TestNgStudy.Parametarization">
        <test-method signature="showname(java.lang.String)[pri:0, instance:TestNgStudy.Parametarization@647e447]" started-at="2023-12-18T04:57:54 MST" name="showname" finished-at="2023-12-18T04:57:54 MST" duration-ms="19" status="PASS">
          <params>
            <param index="0">
              <value>
                <![CDATA[Century]]>
              </value>
            </param>
          </params>
          <reporter-output>
          </reporter-output>
        </test-method> <!-- showname -->
      </class> <!-- TestNgStudy.Parametarization -->
    </test> <!-- Test -->
  </suite> <!-- Suite -->
</testng-results>
