<?xml version="1.0" encoding="UTF-8"?>
<testng-results ignored="0" total="3" passed="3" failed="0" skipped="0">
  <reporter-output>
  </reporter-output>
  <suite started-at="2023-12-18T00:08:24 MST" name="Default suite" finished-at="2023-12-18T00:08:24 MST" duration-ms="97">
    <groups>
    </groups>
    <test started-at="2023-12-18T00:08:24 MST" name="Default test" finished-at="2023-12-18T00:08:24 MST" duration-ms="97">
      <class name="TestNgStudy.DependencyManagement">
        <test-method signature="Secondary()[pri:0, instance:TestNgStudy.DependencyManagement@7ed7259e]" started-at="2023-12-18T00:08:24 MST" name="Secondary" finished-at="2023-12-18T00:08:24 MST" duration-ms="27" status="PASS">
          <reporter-output>
          </reporter-output>
        </test-method> <!-- Secondary -->
        <test-method signature="PG()[pri:0, instance:TestNgStudy.DependencyManagement@7ed7259e]" started-at="2023-12-18T00:08:24 MST" name="PG" finished-at="2023-12-18T00:08:24 MST" depends-on-methods="TestNgStudy.DependencyManagement.Secondary" duration-ms="2" status="PASS">
          <reporter-output>
          </reporter-output>
        </test-method> <!-- PG -->
        <test-method signature="Engineering()[pri:0, instance:TestNgStudy.DependencyManagement@7ed7259e]" started-at="2023-12-18T00:08:24 MST" name="Engineering" finished-at="2023-12-18T00:08:24 MST" depends-on-methods="TestNgStudy.DependencyManagement.PG" duration-ms="7" status="PASS">
          <reporter-output>
          </reporter-output>
        </test-method> <!-- Engineering -->
      </class> <!-- TestNgStudy.DependencyManagement -->
    </test> <!-- Default test -->
  </suite> <!-- Default suite -->
</testng-results>
